<?xml version="1.0" encoding="UTF-8" ?>
<testsuites>
  <testsuite errors="0" failures="0" hostname="Skynet" id="0" name="PostIntegrationSpec" package="com.grailsinaction" tests="3" time="0.486" timestamp="2015-10-13T00:50:10">
      <properties />

      <testcase classname="com.grailsinaction.PostIntegrationSpec" name="adding posts to user links post to user" time="0.377" />

      <testcase classname="com.grailsinaction.PostIntegrationSpec" name="Ensure posts linked to a user can be retrieved" time="0.071" />

      <testcase classname="com.grailsinaction.PostIntegrationSpec" name="Exercise tagging several posts with various tags" time="0.025" />

      <system-out><![CDATA[--Output from adding posts to user links post to user--
--Output from Ensure posts linked to a user can be retrieved--
--Output from Exercise tagging several posts with various tags--
]]></system-out>

      <system-err><![CDATA[--Output from adding posts to user links post to user--
--Output from Ensure posts linked to a user can be retrieved--
--Output from Exercise tagging several posts with various tags--
]]></system-err>

  </testsuite>
  <testsuite errors="0" failures="0" hostname="Skynet" id="1" name="UserIntegrationSpec" package="com.grailsinaction" tests="4" time="0.131" timestamp="2015-10-13T00:50:11">
      <properties />

      <testcase classname="com.grailsinaction.UserIntegrationSpec" name="Saving our first user to the database" time="0.022" />

      <testcase classname="com.grailsinaction.UserIntegrationSpec" name="Updating a saved user changes its properties" time="0.017" />

      <testcase classname="com.grailsinaction.UserIntegrationSpec" name="Deleting an exisiting user removes it from the database" time="0.052" />

      <testcase classname="com.grailsinaction.UserIntegrationSpec" name="Saving a user with invalid properties causes an error" time="0.038" />

      <system-out><![CDATA[--Output from Saving our first user to the database--
--Output from Updating a saved user changes its properties--
--Output from Deleting an exisiting user removes it from the database--
--Output from Saving a user with invalid properties causes an error--
]]></system-out>

      <system-err><![CDATA[--Output from Saving our first user to the database--
--Output from Updating a saved user changes its properties--
--Output from Deleting an exisiting user removes it from the database--
--Output from Saving a user with invalid properties causes an error--
]]></system-err>

  </testsuite>
</testsuites>
